{
  "RSpec": {
    "coverage": {
      "/Users/tamarlehmann/Makers/Course/HabiChat/app/models/user.rb": [
        1,
        null,
        null,
        1,
        null,
        null,
        null,
        null,
        1,
        1,
        1,
        1,
        null,
        1,
        null,
        null
      ],
      "/Users/tamarlehmann/Makers/Course/HabiChat/app/models/application_record.rb": [
        1,
        1,
        null
      ],
      "/Users/tamarlehmann/Makers/Course/HabiChat/app/helpers/application_helper.rb": [
        1,
        null
      ],
      "/Users/tamarlehmann/Makers/Course/HabiChat/app/helpers/chats_helper.rb": [
        1,
        null
      ],
      "/Users/tamarlehmann/Makers/Course/HabiChat/app/helpers/comments_helper.rb": [
        1,
        null
      ],
      "/Users/tamarlehmann/Makers/Course/HabiChat/app/helpers/messages_helper.rb": [
        1,
        null
      ],
      "/Users/tamarlehmann/Makers/Course/HabiChat/app/helpers/registration_helper.rb": [
        1,
        null
      ],
      "/Users/tamarlehmann/Makers/Course/HabiChat/app/helpers/tasks_helper.rb": [
        1,
        null
      ],
      "/Users/tamarlehmann/Makers/Course/HabiChat/app/helpers/users_helper.rb": [
        1,
        null
      ],
      "/Users/tamarlehmann/Makers/Course/HabiChat/app/controllers/tasks_controller.rb": [
        1,
        null,
        1,
        null,
        1,
        1,
        null,
        null,
        1,
        null,
        null,
        1,
        0,
        0,
        0,
        0,
        0,
        null,
        0,
        0,
        null,
        null,
        null,
        1,
        0,
        null,
        null,
        1,
        0,
        0,
        0,
        null,
        0,
        null,
        null,
        0,
        null,
        null,
        1,
        0,
        0,
        0,
        0,
        null,
        0,
        0,
        0,
        null,
        null,
        1,
        0,
        0,
        0,
        0,
        null,
        0,
        0,
        null,
        null,
        null,
        1,
        null,
        1,
        0,
        null,
        null
      ],
      "/Users/tamarlehmann/Makers/Course/HabiChat/app/controllers/application_controller.rb": [
        1,
        1,
        null,
        1,
        null,
        1,
        0,
        null,
        null,
        null,
        null
      ],
      "/Users/tamarlehmann/Makers/Course/HabiChat/app/models/task.rb": [
        1,
        1,
        0,
        null,
        1,
        null,
        1,
        1,
        null,
        null
      ],
      "/Users/tamarlehmann/Makers/Course/HabiChat/app/channels/application_cable/channel.rb": [
        0,
        0,
        0,
        0
      ],
      "/Users/tamarlehmann/Makers/Course/HabiChat/app/channels/application_cable/connection.rb": [
        0,
        0,
        0,
        0
      ],
      "/Users/tamarlehmann/Makers/Course/HabiChat/app/channels/messages_channel.rb": [
        0,
        0,
        0,
        0,
        0
      ],
      "/Users/tamarlehmann/Makers/Course/HabiChat/app/controllers/chats_controller.rb": [
        0,
        0,
        0,
        0,
        0,
        0,
        0,
        0,
        0,
        0,
        0,
        0,
        0,
        0
      ],
      "/Users/tamarlehmann/Makers/Course/HabiChat/app/controllers/comments_controller.rb": [
        0,
        0,
        0,
        0,
        0,
        0,
        0,
        0,
        0,
        0,
        0,
        0,
        0,
        0,
        0,
        0,
        0,
        0,
        0,
        0,
        0,
        0,
        0,
        0
      ],
      "/Users/tamarlehmann/Makers/Course/HabiChat/app/controllers/messages_controller.rb": [
        0,
        0,
        0,
        0,
        0,
        0,
        0,
        0,
        0,
        0,
        0,
        0,
        0,
        0,
        0,
        0,
        0,
        0,
        0,
        0,
        0,
        0,
        0,
        0,
        0
      ],
      "/Users/tamarlehmann/Makers/Course/HabiChat/app/controllers/registration_controller.rb": [
        0,
        0,
        0,
        0,
        0,
        0,
        0,
        0,
        0,
        0,
        0,
        0,
        0,
        0,
        0,
        0,
        0,
        0,
        0,
        0,
        0
      ],
      "/Users/tamarlehmann/Makers/Course/HabiChat/app/controllers/users_controller.rb": [
        0,
        0,
        0,
        0,
        0,
        0,
        0
      ],
      "/Users/tamarlehmann/Makers/Course/HabiChat/app/jobs/application_job.rb": [
        0,
        0
      ],
      "/Users/tamarlehmann/Makers/Course/HabiChat/app/mailers/application_mailer.rb": [
        0,
        0,
        0,
        0
      ],
      "/Users/tamarlehmann/Makers/Course/HabiChat/app/models/chat.rb": [
        0,
        0,
        0,
        0,
        0,
        0
      ],
      "/Users/tamarlehmann/Makers/Course/HabiChat/app/models/comment.rb": [
        0,
        0,
        0,
        0,
        0,
        0,
        0,
        0
      ],
      "/Users/tamarlehmann/Makers/Course/HabiChat/app/models/event.rb": [
        0,
        0,
        0,
        0,
        0,
        0
      ],
      "/Users/tamarlehmann/Makers/Course/HabiChat/app/models/message.rb": [
        0,
        0,
        0,
        0,
        0,
        0
      ],
      "/Users/tamarlehmann/Makers/Course/HabiChat/app/models/with_user_association_extension.rb": [
        0,
        0,
        0,
        0,
        0,
        0,
        0,
        0,
        0,
        0,
        0,
        0,
        0,
        0,
        0,
        0
      ]
    },
    "timestamp": 1488469057
  }
}
